{"/Users/vlad/Desktop/lab3Node/app.js": {"path":"/Users/vlad/Desktop/lab3Node/app.js","statementMap":{"0":{"start":{"line":1,"column":20},"end":{"line":1,"column":42}},"1":{"start":{"line":2,"column":16},"end":{"line":2,"column":34}},"2":{"start":{"line":3,"column":18},"end":{"line":3,"column":47}},"3":{"start":{"line":4,"column":21},"end":{"line":4,"column":45}},"4":{"start":{"line":5,"column":13},"end":{"line":5,"column":28}},"5":{"start":{"line":6,"column":21},"end":{"line":6,"column":45}},"6":{"start":{"line":7,"column":15},"end":{"line":7,"column":32}},"7":{"start":{"line":9,"column":20},"end":{"line":9,"column":45}},"8":{"start":{"line":10,"column":20},"end":{"line":10,"column":45}},"9":{"start":{"line":12,"column":12},"end":{"line":12,"column":21}},"10":{"start":{"line":15,"column":0},"end":{"line":15,"column":48}},"11":{"start":{"line":16,"column":0},"end":{"line":16,"column":30}},"12":{"start":{"line":18,"column":0},"end":{"line":18,"column":23}},"13":{"start":{"line":19,"column":0},"end":{"line":19,"column":24}},"14":{"start":{"line":20,"column":0},"end":{"line":20,"column":49}},"15":{"start":{"line":21,"column":0},"end":{"line":21,"column":24}},"16":{"start":{"line":22,"column":0},"end":{"line":22,"column":56}},"17":{"start":{"line":24,"column":23},"end":{"line":39,"column":1}},"18":{"start":{"line":41,"column":20},"end":{"line":41,"column":48}},"19":{"start":{"line":43,"column":0},"end":{"line":46,"column":3}},"20":{"start":{"line":44,"column":4},"end":{"line":44,"column":54}},"21":{"start":{"line":45,"column":4},"end":{"line":45,"column":26}},"22":{"start":{"line":48,"column":0},"end":{"line":48,"column":68}},"23":{"start":{"line":50,"column":0},"end":{"line":50,"column":26}},"24":{"start":{"line":51,"column":0},"end":{"line":51,"column":31}},"25":{"start":{"line":54,"column":0},"end":{"line":56,"column":3}},"26":{"start":{"line":55,"column":4},"end":{"line":55,"column":27}},"27":{"start":{"line":60,"column":0},"end":{"line":68,"column":3}},"28":{"start":{"line":62,"column":4},"end":{"line":62,"column":37}},"29":{"start":{"line":63,"column":4},"end":{"line":63,"column":71}},"30":{"start":{"line":66,"column":4},"end":{"line":66,"column":34}},"31":{"start":{"line":67,"column":4},"end":{"line":67,"column":24}},"32":{"start":{"line":70,"column":0},"end":{"line":70,"column":21}}},"fnMap":{"0":{"name":"(anonymous_0)","decl":{"start":{"line":43,"column":26},"end":{"line":43,"column":27}},"loc":{"start":{"line":43,"column":40},"end":{"line":46,"column":1}},"line":43},"1":{"name":"(anonymous_1)","decl":{"start":{"line":54,"column":8},"end":{"line":54,"column":9}},"loc":{"start":{"line":54,"column":28},"end":{"line":56,"column":1}},"line":54},"2":{"name":"(anonymous_2)","decl":{"start":{"line":60,"column":8},"end":{"line":60,"column":9}},"loc":{"start":{"line":60,"column":33},"end":{"line":68,"column":1}},"line":60}},"branchMap":{"0":{"loc":{"start":{"line":63,"column":23},"end":{"line":63,"column":70}},"type":"cond-expr","locations":[{"start":{"line":63,"column":62},"end":{"line":63,"column":65}},{"start":{"line":63,"column":68},"end":{"line":63,"column":70}}],"line":63},"1":{"loc":{"start":{"line":66,"column":15},"end":{"line":66,"column":32}},"type":"binary-expr","locations":[{"start":{"line":66,"column":15},"end":{"line":66,"column":25}},{"start":{"line":66,"column":29},"end":{"line":66,"column":32}}],"line":66}},"s":{"0":1,"1":1,"2":1,"3":1,"4":1,"5":1,"6":1,"7":1,"8":1,"9":1,"10":1,"11":1,"12":1,"13":1,"14":1,"15":1,"16":1,"17":1,"18":1,"19":1,"20":0,"21":0,"22":1,"23":1,"24":1,"25":1,"26":0,"27":1,"28":0,"29":0,"30":0,"31":0,"32":1},"f":{"0":0,"1":0,"2":0},"b":{"0":[0,0],"1":[0,0]},"_coverageSchema":"1a1c01bbd47fc00a2c39e90264f33305004495a9","hash":"238a0b22a80c1dcc663b348ec9d441fc6ffd5d53"}
,"/Users/vlad/Desktop/lab3Node/config/db.config.js": {"path":"/Users/vlad/Desktop/lab3Node/config/db.config.js","statementMap":{"0":{"start":{"line":1,"column":15},"end":{"line":11,"column":1}},"1":{"start":{"line":12,"column":0},"end":{"line":12,"column":24}}},"fnMap":{},"branchMap":{},"s":{"0":1,"1":1},"f":{},"b":{},"_coverageSchema":"1a1c01bbd47fc00a2c39e90264f33305004495a9","hash":"241683a36976114786fae6635b3b47deab41dbaa"}
,"/Users/vlad/Desktop/lab3Node/controllers/users.controller.js": {"path":"/Users/vlad/Desktop/lab3Node/controllers/users.controller.js","statementMap":{"0":{"start":{"line":1,"column":19},"end":{"line":1,"column":56}},"1":{"start":{"line":23,"column":14},"end":{"line":42,"column":1}},"2":{"start":{"line":61,"column":17},"end":{"line":66,"column":1}},"3":{"start":{"line":65,"column":4},"end":{"line":65,"column":32}},"4":{"start":{"line":68,"column":16},"end":{"line":73,"column":1}},"5":{"start":{"line":69,"column":17},"end":{"line":69,"column":25}},"6":{"start":{"line":70,"column":4},"end":{"line":70,"column":31}},"7":{"start":{"line":71,"column":4},"end":{"line":71,"column":21}},"8":{"start":{"line":72,"column":4},"end":{"line":72,"column":31}},"9":{"start":{"line":75,"column":0},"end":{"line":78,"column":2}}},"fnMap":{"0":{"name":"(anonymous_0)","decl":{"start":{"line":61,"column":17},"end":{"line":61,"column":18}},"loc":{"start":{"line":61,"column":37},"end":{"line":66,"column":1}},"line":61},"1":{"name":"(anonymous_1)","decl":{"start":{"line":68,"column":16},"end":{"line":68,"column":17}},"loc":{"start":{"line":68,"column":36},"end":{"line":73,"column":1}},"line":68}},"branchMap":{},"s":{"0":1,"1":1,"2":1,"3":1,"4":1,"5":1,"6":1,"7":1,"8":1,"9":1},"f":{"0":1,"1":1},"b":{},"_coverageSchema":"1a1c01bbd47fc00a2c39e90264f33305004495a9","hash":"fd99dbc7d349062879094c192c80af807710b770"}
,"/Users/vlad/Desktop/lab3Node/models/db.js": {"path":"/Users/vlad/Desktop/lab3Node/models/db.js","statementMap":{"0":{"start":{"line":1,"column":14},"end":{"line":1,"column":39}},"1":{"start":{"line":2,"column":15},"end":{"line":2,"column":45}},"2":{"start":{"line":5,"column":23},"end":{"line":5,"column":62}},"3":{"start":{"line":6,"column":22},"end":{"line":6,"column":59}},"4":{"start":{"line":8,"column":4},"end":{"line":8,"column":19}},"5":{"start":{"line":11,"column":0},"end":{"line":13,"column":2}}},"fnMap":{"0":{"name":"query","decl":{"start":{"line":4,"column":15},"end":{"line":4,"column":20}},"loc":{"start":{"line":4,"column":34},"end":{"line":9,"column":1}},"line":4}},"branchMap":{},"s":{"0":1,"1":1,"2":0,"3":0,"4":0,"5":1},"f":{"0":0},"b":{},"_coverageSchema":"1a1c01bbd47fc00a2c39e90264f33305004495a9","hash":"04adcb65e44216af3b4bb60d2857ff78f87abc76"}
,"/Users/vlad/Desktop/lab3Node/models/department.model.js": {"path":"/Users/vlad/Desktop/lab3Node/models/department.model.js","statementMap":{"0":{"start":{"line":1,"column":11},"end":{"line":1,"column":26}},"1":{"start":{"line":5,"column":19},"end":{"line":9,"column":1}},"2":{"start":{"line":6,"column":4},"end":{"line":6,"column":28}},"3":{"start":{"line":7,"column":4},"end":{"line":7,"column":40}},"4":{"start":{"line":8,"column":4},"end":{"line":8,"column":54}},"5":{"start":{"line":11,"column":0},"end":{"line":15,"column":2}},"6":{"start":{"line":12,"column":18},"end":{"line":12,"column":44}},"7":{"start":{"line":13,"column":17},"end":{"line":13,"column":38}},"8":{"start":{"line":14,"column":4},"end":{"line":14,"column":16}},"9":{"start":{"line":17,"column":0},"end":{"line":17,"column":28}}},"fnMap":{"0":{"name":"(anonymous_0)","decl":{"start":{"line":5,"column":19},"end":{"line":5,"column":20}},"loc":{"start":{"line":5,"column":41},"end":{"line":9,"column":1}},"line":5},"1":{"name":"(anonymous_1)","decl":{"start":{"line":11,"column":20},"end":{"line":11,"column":21}},"loc":{"start":{"line":11,"column":32},"end":{"line":15,"column":1}},"line":11}},"branchMap":{},"s":{"0":1,"1":1,"2":0,"3":0,"4":0,"5":1,"6":0,"7":0,"8":0,"9":1},"f":{"0":0,"1":0},"b":{},"_coverageSchema":"1a1c01bbd47fc00a2c39e90264f33305004495a9","hash":"1765e70f4aee370f69bdecc2b9d2626a0e9b427a"}
,"/Users/vlad/Desktop/lab3Node/routes/index.js": {"path":"/Users/vlad/Desktop/lab3Node/routes/index.js","statementMap":{"0":{"start":{"line":1,"column":16},"end":{"line":1,"column":34}},"1":{"start":{"line":3,"column":15},"end":{"line":3,"column":31}},"2":{"start":{"line":6,"column":0},"end":{"line":8,"column":3}},"3":{"start":{"line":7,"column":4},"end":{"line":7,"column":46}},"4":{"start":{"line":10,"column":0},"end":{"line":10,"column":24}}},"fnMap":{"0":{"name":"(anonymous_0)","decl":{"start":{"line":6,"column":16},"end":{"line":6,"column":17}},"loc":{"start":{"line":6,"column":30},"end":{"line":8,"column":1}},"line":6}},"branchMap":{},"s":{"0":1,"1":1,"2":1,"3":0,"4":1},"f":{"0":0},"b":{},"_coverageSchema":"1a1c01bbd47fc00a2c39e90264f33305004495a9","hash":"074f9189b2c0f0f127d3e45828b641aa66740a98"}
,"/Users/vlad/Desktop/lab3Node/routes/users.js": {"path":"/Users/vlad/Desktop/lab3Node/routes/users.js","statementMap":{"0":{"start":{"line":1,"column":16},"end":{"line":1,"column":34}},"1":{"start":{"line":2,"column":30},"end":{"line":2,"column":72}},"2":{"start":{"line":4,"column":15},"end":{"line":4,"column":31}},"3":{"start":{"line":7,"column":0},"end":{"line":7,"column":26}},"4":{"start":{"line":9,"column":0},"end":{"line":9,"column":29}},"5":{"start":{"line":11,"column":0},"end":{"line":11,"column":24}}},"fnMap":{},"branchMap":{},"s":{"0":1,"1":1,"2":1,"3":1,"4":1,"5":1},"f":{},"b":{},"_coverageSchema":"1a1c01bbd47fc00a2c39e90264f33305004495a9","hash":"43e8efa7e5f0a0f3c76c710b97a064e47c88fb69"}
}
